TN:
SF:src\polyfills.ts
FNF:0
FNH:0
LF:0
LH:0
BRF:0
BRH:0
end_of_record
TN:
SF:src\test.ts
FNF:0
FNH:0
DA:13,1
DA:18,1
DA:20,1
LF:3
LH:3
BRF:0
BRH:0
end_of_record
TN:
SF:src\zone-flags.ts
FNF:0
FNH:0
DA:5,1
LF:1
LH:1
BRF:0
BRH:0
end_of_record
TN:
SF:src\app\app.component.ts
FN:15,(anonymous_0)
FN:24,(anonymous_1)
FN:25,(anonymous_2)
FNF:3
FNH:0
FNDA:0,(anonymous_0)
FNDA:0,(anonymous_1)
FNDA:0,(anonymous_2)
DA:14,1
DA:16,0
DA:17,0
DA:18,0
DA:19,0
DA:21,0
DA:25,0
DA:26,0
DA:27,0
DA:28,0
LF:10
LH:1
BRF:0
BRH:0
end_of_record
TN:
SF:src\app\about\about.component.ts
FN:11,(anonymous_0)
FN:13,(anonymous_1)
FN:17,(anonymous_3)
FNF:3
FNH:2
FNDA:1,(anonymous_0)
FNDA:0,(anonymous_1)
FNDA:1,(anonymous_3)
DA:10,1
DA:11,1
DA:14,0
LF:3
LH:2
BRF:0
BRH:0
end_of_record
TN:
SF:src\app\credits\credits.component.ts
FN:11,(anonymous_0)
FN:13,(anonymous_1)
FN:17,(anonymous_3)
FNF:3
FNH:2
FNDA:1,(anonymous_0)
FNDA:0,(anonymous_1)
FNDA:1,(anonymous_3)
DA:10,1
DA:11,1
DA:14,0
LF:3
LH:2
BRF:0
BRH:0
end_of_record
TN:
SF:src\app\game-board\game-board.page.ts
FN:38,(anonymous_0)
FN:50,(anonymous_1)
FN:52,(anonymous_2)
FN:56,(anonymous_3)
FN:58,(anonymous_4)
FN:62,(anonymous_5)
FN:69,(anonymous_6)
FN:74,(anonymous_7)
FN:85,(anonymous_8)
FN:86,(anonymous_9)
FN:96,(anonymous_10)
FN:102,(anonymous_11)
FN:117,(anonymous_12)
FN:124,(anonymous_13)
FN:148,(anonymous_14)
FN:151,(anonymous_15)
FN:164,(anonymous_16)
FN:219,(anonymous_17)
FN:228,(anonymous_18)
FN:238,(anonymous_19)
FN:248,(anonymous_20)
FN:256,(anonymous_21)
FN:275,(anonymous_22)
FN:295,(anonymous_23)
FN:312,(anonymous_24)
FN:325,(anonymous_26)
FN:333,(anonymous_28)
FN:440,(anonymous_29)
FN:444,(anonymous_30)
FN:468,(anonymous_31)
FN:469,(anonymous_32)
FN:484,(anonymous_33)
FN:530,(anonymous_34)
FN:549,(anonymous_35)
FN:595,(anonymous_36)
FN:639,(anonymous_37)
FN:660,(anonymous_38)
FN:670,(anonymous_39)
FN:681,(anonymous_40)
FN:692,(anonymous_41)
FNF:40
FNH:0
FNDA:0,(anonymous_0)
FNDA:0,(anonymous_1)
FNDA:0,(anonymous_2)
FNDA:0,(anonymous_3)
FNDA:0,(anonymous_4)
FNDA:0,(anonymous_5)
FNDA:0,(anonymous_6)
FNDA:0,(anonymous_7)
FNDA:0,(anonymous_8)
FNDA:0,(anonymous_9)
FNDA:0,(anonymous_10)
FNDA:0,(anonymous_11)
FNDA:0,(anonymous_12)
FNDA:0,(anonymous_13)
FNDA:0,(anonymous_14)
FNDA:0,(anonymous_15)
FNDA:0,(anonymous_16)
FNDA:0,(anonymous_17)
FNDA:0,(anonymous_18)
FNDA:0,(anonymous_19)
FNDA:0,(anonymous_20)
FNDA:0,(anonymous_21)
FNDA:0,(anonymous_22)
FNDA:0,(anonymous_23)
FNDA:0,(anonymous_24)
FNDA:0,(anonymous_26)
FNDA:0,(anonymous_28)
FNDA:0,(anonymous_29)
FNDA:0,(anonymous_30)
FNDA:0,(anonymous_31)
FNDA:0,(anonymous_32)
FNDA:0,(anonymous_33)
FNDA:0,(anonymous_34)
FNDA:0,(anonymous_35)
FNDA:0,(anonymous_36)
FNDA:0,(anonymous_37)
FNDA:0,(anonymous_38)
FNDA:0,(anonymous_39)
FNDA:0,(anonymous_40)
FNDA:0,(anonymous_41)
DA:23,1
DA:25,0
DA:26,0
DA:27,0
DA:28,0
DA:32,0
DA:37,0
DA:39,0
DA:40,0
DA:41,0
DA:42,0
DA:43,0
DA:44,0
DA:47,0
DA:51,0
DA:52,0
DA:53,0
DA:56,0
DA:57,0
DA:58,0
DA:59,0
DA:60,0
DA:61,0
DA:63,0
DA:68,0
DA:70,0
DA:75,0
DA:85,0
DA:86,0
DA:87,0
DA:88,0
DA:89,0
DA:92,0
DA:93,0
DA:94,0
DA:96,0
DA:98,0
DA:100,0
DA:101,0
DA:103,0
DA:104,0
DA:106,0
DA:107,0
DA:111,0
DA:118,0
DA:120,0
DA:121,0
DA:122,0
DA:125,0
DA:126,0
DA:127,0
DA:129,0
DA:130,0
DA:136,0
DA:139,0
DA:149,0
DA:150,0
DA:151,0
DA:152,0
DA:155,0
DA:156,0
DA:157,0
DA:158,0
DA:161,0
DA:165,0
DA:166,0
DA:167,0
DA:168,0
DA:169,0
DA:170,0
DA:178,0
DA:179,0
DA:184,0
DA:193,0
DA:194,0
DA:195,0
DA:197,0
DA:198,0
DA:199,0
DA:200,0
DA:201,0
DA:202,0
DA:203,0
DA:206,0
DA:207,0
DA:208,0
DA:211,0
DA:213,0
DA:215,0
DA:220,0
DA:221,0
DA:222,0
DA:223,0
DA:226,0
DA:227,0
DA:228,0
DA:229,0
DA:230,0
DA:231,0
DA:234,0
DA:235,0
DA:239,0
DA:240,0
DA:241,0
DA:242,0
DA:243,0
DA:250,0
DA:254,0
DA:258,0
DA:259,0
DA:260,0
DA:262,0
DA:277,0
DA:278,0
DA:279,0
DA:280,0
DA:282,0
DA:283,0
DA:284,0
DA:286,0
DA:287,0
DA:296,0
DA:297,0
DA:299,0
DA:301,0
DA:302,0
DA:303,0
DA:304,0
DA:309,0
DA:313,0
DA:322,0
DA:326,0
DA:330,0
DA:338,0
DA:339,0
DA:340,0
DA:344,0
DA:345,0
DA:346,0
DA:347,0
DA:348,0
DA:351,0
DA:352,0
DA:358,0
DA:362,0
DA:363,0
DA:364,0
DA:365,0
DA:367,0
DA:368,0
DA:369,0
DA:370,0
DA:371,0
DA:372,0
DA:373,0
DA:374,0
DA:375,0
DA:376,0
DA:377,0
DA:378,0
DA:379,0
DA:382,0
DA:383,0
DA:385,0
DA:386,0
DA:387,0
DA:388,0
DA:389,0
DA:390,0
DA:391,0
DA:392,0
DA:393,0
DA:394,0
DA:395,0
DA:396,0
DA:403,0
DA:409,0
DA:410,0
DA:411,0
DA:412,0
DA:413,0
DA:416,0
DA:417,0
DA:418,0
DA:422,0
DA:426,0
DA:430,0
DA:431,0
DA:432,0
DA:434,0
DA:436,0
DA:441,0
DA:442,0
DA:444,0
DA:445,0
DA:447,0
DA:449,0
DA:450,0
DA:451,0
DA:452,0
DA:453,0
DA:454,0
DA:455,0
DA:460,0
DA:461,0
DA:463,0
DA:469,0
DA:470,0
DA:471,0
DA:472,0
DA:475,0
DA:478,0
DA:479,0
DA:480,0
DA:483,0
DA:484,0
DA:485,0
DA:489,0
DA:490,0
DA:492,0
DA:494,0
DA:495,0
DA:496,0
DA:497,0
DA:499,0
DA:500,0
DA:503,0
DA:504,0
DA:507,0
DA:508,0
DA:511,0
DA:512,0
DA:515,0
DA:516,0
DA:517,0
DA:518,0
DA:519,0
DA:521,0
DA:522,0
DA:527,0
DA:531,0
DA:532,0
DA:533,0
DA:550,0
DA:556,0
DA:557,0
DA:558,0
DA:559,0
DA:560,0
DA:561,0
DA:563,0
DA:564,0
DA:565,0
DA:567,0
DA:568,0
DA:574,0
DA:576,0
DA:578,0
DA:579,0
DA:581,0
DA:582,0
DA:584,0
DA:585,0
DA:587,0
DA:588,0
DA:590,0
DA:596,0
DA:597,0
DA:599,0
DA:600,0
DA:601,0
DA:602,0
DA:603,0
DA:604,0
DA:605,0
DA:606,0
DA:609,0
DA:610,0
DA:611,0
DA:612,0
DA:614,0
DA:615,0
DA:621,0
DA:622,0
DA:623,0
DA:624,0
DA:628,0
DA:631,0
DA:634,0
DA:640,0
DA:641,0
DA:642,0
DA:643,0
DA:644,0
DA:654,0
DA:656,0
DA:661,0
DA:662,0
DA:663,0
DA:664,0
DA:665,0
DA:666,0
DA:667,0
DA:671,0
DA:672,0
DA:673,0
DA:674,0
DA:675,0
DA:676,0
DA:679,0
DA:681,0
DA:682,0
DA:683,0
DA:684,0
DA:685,0
DA:686,0
DA:689,0
DA:693,0
LF:318
LH:1
BRDA:59,0,0,0
BRDA:59,0,1,0
BRDA:103,1,0,0
BRDA:103,1,1,0
BRDA:106,2,0,0
BRDA:106,2,1,0
BRDA:127,3,0,0
BRDA:127,3,1,0
BRDA:127,4,0,0
BRDA:127,4,1,0
BRDA:193,5,0,0
BRDA:193,5,1,0
BRDA:193,6,0,0
BRDA:193,6,1,0
BRDA:193,6,2,0
BRDA:193,6,3,0
BRDA:197,7,0,0
BRDA:197,7,1,0
BRDA:197,8,0,0
BRDA:197,8,1,0
BRDA:200,9,0,0
BRDA:200,9,1,0
BRDA:259,10,0,0
BRDA:259,10,1,0
BRDA:275,11,0,0
BRDA:283,12,0,0
BRDA:283,12,1,0
BRDA:287,13,0,0
BRDA:287,13,1,0
BRDA:299,14,0,0
BRDA:299,14,1,0
BRDA:299,15,0,0
BRDA:299,15,1,0
BRDA:303,16,0,0
BRDA:303,16,1,0
BRDA:338,17,0,0
BRDA:338,17,1,0
BRDA:338,18,0,0
BRDA:338,18,1,0
BRDA:338,18,2,0
BRDA:338,18,3,0
BRDA:352,19,0,0
BRDA:352,19,1,0
BRDA:362,20,0,0
BRDA:362,20,1,0
BRDA:363,21,0,0
BRDA:363,21,1,0
BRDA:369,22,0,0
BRDA:369,22,1,0
BRDA:376,23,0,0
BRDA:376,23,1,0
BRDA:376,24,0,0
BRDA:376,24,1,0
BRDA:382,25,0,0
BRDA:382,25,1,0
BRDA:390,26,0,0
BRDA:390,26,1,0
BRDA:390,27,0,0
BRDA:390,27,1,0
BRDA:409,28,0,0
BRDA:409,28,1,0
BRDA:416,29,0,0
BRDA:416,29,1,0
BRDA:431,30,0,0
BRDA:431,30,1,0
BRDA:441,31,0,0
BRDA:441,31,1,0
BRDA:445,32,0,0
BRDA:445,32,1,0
BRDA:452,33,0,0
BRDA:452,33,1,0
BRDA:454,34,0,0
BRDA:454,34,1,0
BRDA:460,35,0,0
BRDA:460,35,1,0
BRDA:461,36,0,0
BRDA:461,36,1,0
BRDA:483,37,0,0
BRDA:483,37,1,0
BRDA:492,38,0,0
BRDA:492,38,1,0
BRDA:492,39,0,0
BRDA:492,39,1,0
BRDA:499,40,0,0
BRDA:499,40,1,0
BRDA:499,41,0,0
BRDA:499,41,1,0
BRDA:503,42,0,0
BRDA:503,42,1,0
BRDA:503,43,0,0
BRDA:503,43,1,0
BRDA:507,44,0,0
BRDA:507,44,1,0
BRDA:507,45,0,0
BRDA:507,45,1,0
BRDA:511,46,0,0
BRDA:511,46,1,0
BRDA:511,47,0,0
BRDA:511,47,1,0
BRDA:515,48,0,0
BRDA:515,48,1,0
BRDA:515,49,0,0
BRDA:515,49,1,0
BRDA:518,50,0,0
BRDA:518,50,1,0
BRDA:518,51,0,0
BRDA:518,51,1,0
BRDA:521,52,0,0
BRDA:521,52,1,0
BRDA:521,53,0,0
BRDA:521,53,1,0
BRDA:556,54,0,0
BRDA:556,54,1,0
BRDA:557,55,0,0
BRDA:557,55,1,0
BRDA:558,56,0,0
BRDA:558,56,1,0
BRDA:559,57,0,0
BRDA:559,57,1,0
BRDA:563,58,0,0
BRDA:563,58,1,0
BRDA:574,59,0,0
BRDA:574,59,1,0
BRDA:578,60,0,0
BRDA:578,60,1,0
BRDA:581,61,0,0
BRDA:581,61,1,0
BRDA:584,62,0,0
BRDA:584,62,1,0
BRDA:587,63,0,0
BRDA:587,63,1,0
BRDA:597,64,0,0
BRDA:597,64,1,0
BRDA:597,65,0,0
BRDA:597,65,1,0
BRDA:597,65,2,0
BRDA:597,65,3,0
BRDA:599,66,0,0
BRDA:599,66,1,0
BRDA:600,67,0,0
BRDA:600,67,1,0
BRDA:601,68,0,0
BRDA:601,68,1,0
BRDA:602,69,0,0
BRDA:602,69,1,0
BRDA:603,70,0,0
BRDA:603,70,1,0
BRDA:604,71,0,0
BRDA:604,71,1,0
BRDA:605,72,0,0
BRDA:605,72,1,0
BRDA:606,73,0,0
BRDA:606,73,1,0
BRDA:609,74,0,0
BRDA:609,74,1,0
BRDA:609,75,0,0
BRDA:609,75,1,0
BRDA:622,76,0,0
BRDA:622,76,1,0
BRDA:675,77,0,0
BRDA:675,77,1,0
BRF:161
BRH:0
end_of_record
TN:
SF:src\app\home\home.page.ts
FN:13,(anonymous_0)
FN:15,(anonymous_1)
FN:22,(anonymous_3)
FNF:3
FNH:1
FNDA:1,(anonymous_0)
FNDA:0,(anonymous_1)
FNDA:0,(anonymous_3)
DA:11,1
DA:13,1
DA:16,0
DA:19,0
DA:23,0
DA:26,0
LF:6
LH:2
BRF:0
BRH:0
end_of_record
TN:
SF:src\app\join-game\join-game.page.ts
FN:19,(anonymous_0)
FN:26,(anonymous_1)
FN:28,(anonymous_2)
FN:32,(anonymous_3)
FN:33,(anonymous_4)
FN:33,(anonymous_5)
FN:47,(anonymous_6)
FN:53,(anonymous_7)
FN:57,(anonymous_8)
FN:68,(anonymous_10)
FNF:10
FNH:0
FNDA:0,(anonymous_0)
FNDA:0,(anonymous_1)
FNDA:0,(anonymous_2)
FNDA:0,(anonymous_3)
FNDA:0,(anonymous_4)
FNDA:0,(anonymous_5)
FNDA:0,(anonymous_6)
FNDA:0,(anonymous_7)
FNDA:0,(anonymous_8)
FNDA:0,(anonymous_10)
DA:15,1
DA:19,0
DA:20,0
DA:21,0
DA:22,0
DA:23,0
DA:27,0
DA:28,0
DA:33,0
DA:34,0
DA:35,0
DA:36,0
DA:40,0
DA:48,0
DA:49,0
DA:50,0
DA:58,0
DA:75,0
DA:80,0
LF:19
LH:1
BRDA:34,0,0,0
BRDA:34,0,1,0
BRF:2
BRH:0
end_of_record
TN:
SF:src\app\services\auth.service.ts
FN:11,(anonymous_0)
FN:16,(anonymous_1)
FN:20,(anonymous_2)
FN:24,(anonymous_3)
FN:26,(anonymous_4)
FNF:5
FNH:0
FNDA:0,(anonymous_0)
FNDA:0,(anonymous_1)
FNDA:0,(anonymous_2)
FNDA:0,(anonymous_3)
FNDA:0,(anonymous_4)
DA:9,1
DA:12,0
DA:17,0
DA:21,0
DA:25,0
DA:26,0
LF:6
LH:1
BRF:0
BRH:0
end_of_record
TN:
SF:src\app\services\db.service.ts
FN:12,(anonymous_0)
FN:16,(anonymous_1)
FN:20,(anonymous_2)
FN:36,(anonymous_3)
FN:40,(anonymous_4)
FN:44,(anonymous_5)
FN:48,(anonymous_6)
FN:52,(anonymous_7)
FN:56,(anonymous_8)
FN:64,(anonymous_9)
FNF:10
FNH:0
FNDA:0,(anonymous_0)
FNDA:0,(anonymous_1)
FNDA:0,(anonymous_2)
FNDA:0,(anonymous_3)
FNDA:0,(anonymous_4)
FNDA:0,(anonymous_5)
FNDA:0,(anonymous_6)
FNDA:0,(anonymous_7)
FNDA:0,(anonymous_8)
FNDA:0,(anonymous_9)
DA:10,1
DA:13,0
DA:17,0
DA:19,0
DA:20,0
DA:21,0
DA:22,0
DA:24,0
DA:25,0
DA:28,0
DA:29,0
DA:32,0
DA:37,0
DA:41,0
DA:45,0
DA:49,0
DA:53,0
DA:57,0
DA:65,0
LF:19
LH:1
BRDA:19,0,0,0
BRDA:19,0,1,0
BRDA:19,0,2,0
BRDA:19,0,3,0
BRDA:22,1,0,0
BRDA:22,1,1,0
BRDA:32,2,0,0
BRDA:32,2,1,0
BRF:8
BRH:0
end_of_record
TN:
SF:src\environments\environment.ts
FNF:0
FNH:0
DA:5,1
LF:1
LH:1
BRF:0
BRH:0
end_of_record
